[('Packt Publishing', {})]
Class <metadata_extraction(epub.EpubReader)>
{
    'identifier': [('_id286448480', {'id': 'bookid'})],
    'language': [('en', {})],
    'publisher': [('Packt Publishing', {})],
    'title': [('Learning jQuery Fourth Edition', {})],
}
{
    'contributor': {'author': (), 'editor': (), 'illustrator': ()},
    'coverage': (),
    'creator': (),
    'date': {'accessioned': (), 'copyright': (), 'created': ()},
    'description': (),
    'format': {'extent': (), 'mimetype': ()},
    'identifier': {'citation': (), 'isbn': (), 'issn': (), 'uri': ()},
    'language': (),
    'publisher': (),
    'relation': (),
    'rights': (),
    'source': (),
    'subject': (),
    'title': (),
    'type': (),
}
()
Learning jQuery Fourth Edition
en
_id286448480
id:bookid
Packt Publishing
[('Pan Books', {})]
Class <metadata_extraction(epub.EpubReader)>
{
    'contributor': [
        (
            'calibre (0.8.29) [http://calibre-ebook.com]',
            {'{http://www.idpf.org/2007/opf}role': 'bkp'},
        ),
    ],
    'creator': [
        (
            'Guha, Ramachandra',
            {
                '{http://www.idpf.org/2007/opf}file-as': 'Guha, Ramachandra',
                '{http://www.idpf.org/2007/opf}role': 'aut',
            },
        ),
    ],
    'date': [('2011-02-09T16:00:00+00:00', {})],
    'identifier': [
        (
            'cee3ce64-6245-4360-9ee5-70a2aaba296d',
            {'id': 'uuid_id', '{http://www.idpf.org/2007/opf}scheme': 'uuid'},
        ),
    ],
    'language': [('en', {})],
    'publisher': [('Pan Books', {})],
    'subject': [('General Fiction', {})],
    'title': [('India After Gandhi', {})],
}
{
    'contributor': {'author': (), 'editor': (), 'illustrator': ()},
    'coverage': (),
    'creator': (),
    'date': {'accessioned': (), 'copyright': (), 'created': ()},
    'description': (),
    'format': {'extent': (), 'mimetype': ()},
    'identifier': {'citation': (), 'isbn': (), 'issn': (), 'uri': ()},
    'language': (),
    'publisher': (),
    'relation': (),
    'rights': (),
    'source': (),
    'subject': (),
    'title': (),
    'type': (),
}
()
India After Gandhi
General Fiction
2011-02-09T16:00:00+00:00
cee3ce64-6245-4360-9ee5-70a2aaba296d
id:uuid_id
en
Guha, Ramachandra
Pan Books
calibre (0.8.29) [http://calibre-ebook.com]
