Creating new instance
Creating new dc instance
{
    'contributor': {
        'author': ('Guha, Ramachandra', ),
        'editor': (),
        'illustrator': (),
        'none': ('calibre (0.8.29) [http://calibre-ebook.com]', ),
    },
    'coverage': (),
    'date': {
        'accessioned': (),
        'copyright': (),
        'created': (),
        'none': ('2011-02-09T16:00:00+00:00', ),
    },
    'description': (),
    'format': {'extent': (), 'mimetype': (), 'none': ()},
    'identifier': {
        'citation': (),
        'isbn': (),
        'issn': (),
        'none': ('cee3ce64-6245-4360-9ee5-70a2aaba296d', ),
        'uri': (),
    },
    'language': ('en', ),
    'publisher': ('Pan Books', ),
    'relation': {
        'haspart': (),
        'ispartof': (),
        'ispartofseries': (),
        'isrefencedby': (),
        'refernces': (),
    },
    'rights': (),
    'source': (),
    'subject': ('General Fiction', ),
    'title': ('India After Gandhi', ),
    'type': (),
}
"2011-02-09T16:00:00+00:00", element="date", qualifier="none",
E.dcvalue("2011-02-09T16:00:00+00:00", element="date", qualifier="none", language="en")
"Pan Books", element="publisher", qualifier="none",
E.dcvalue("2011-02-09T16:00:00+00:00", element="date", qualifier="none", language="en"),E.dcvalue("Pan Books", element="publisher", qualifier="none", language="en")
"en", element="language", qualifier="none",
E.dcvalue("2011-02-09T16:00:00+00:00", element="date", qualifier="none", language="en"),E.dcvalue("Pan Books", element="publisher", qualifier="none", language="en"),E.dcvalue("en", element="language", qualifier="none", language="en")
"cee3ce64-6245-4360-9ee5-70a2aaba296d", element="identifier", qualifier="none",
E.dcvalue("2011-02-09T16:00:00+00:00", element="date", qualifier="none", language="en"),E.dcvalue("Pan Books", element="publisher", qualifier="none", language="en"),E.dcvalue("en", element="language", qualifier="none", language="en"),E.dcvalue("cee3ce64-6245-4360-9ee5-70a2aaba296d", element="identifier", qualifier="none", language="en")
"India After Gandhi", element="title", qualifier="none",
E.dcvalue("2011-02-09T16:00:00+00:00", element="date", qualifier="none", language="en"),E.dcvalue("Pan Books", element="publisher", qualifier="none", language="en"),E.dcvalue("en", element="language", qualifier="none", language="en"),E.dcvalue("cee3ce64-6245-4360-9ee5-70a2aaba296d", element="identifier", qualifier="none", language="en"),E.dcvalue("India After Gandhi", element="title", qualifier="none", language="en")
"General Fiction", element="subject", qualifier="none",
E.dcvalue("2011-02-09T16:00:00+00:00", element="date", qualifier="none", language="en"),E.dcvalue("Pan Books", element="publisher", qualifier="none", language="en"),E.dcvalue("en", element="language", qualifier="none", language="en"),E.dcvalue("cee3ce64-6245-4360-9ee5-70a2aaba296d", element="identifier", qualifier="none", language="en"),E.dcvalue("India After Gandhi", element="title", qualifier="none", language="en"),E.dcvalue("General Fiction", element="subject", qualifier="none", language="en")
"calibre (0.8.29) [http://calibre-ebook.com]", element="contributor", qualifier="none",
E.dcvalue("2011-02-09T16:00:00+00:00", element="date", qualifier="none", language="en"),E.dcvalue("Pan Books", element="publisher", qualifier="none", language="en"),E.dcvalue("en", element="language", qualifier="none", language="en"),E.dcvalue("cee3ce64-6245-4360-9ee5-70a2aaba296d", element="identifier", qualifier="none", language="en"),E.dcvalue("India After Gandhi", element="title", qualifier="none", language="en"),E.dcvalue("General Fiction", element="subject", qualifier="none", language="en"),E.dcvalue("calibre (0.8.29) [http://calibre-ebook.com]", element="contributor", qualifier="none", language="en")
"Guha, Ramachandra", element="contributor", qualifier="author",
E.dcvalue("2011-02-09T16:00:00+00:00", element="date", qualifier="none", language="en"),E.dcvalue("Pan Books", element="publisher", qualifier="none", language="en"),E.dcvalue("en", element="language", qualifier="none", language="en"),E.dcvalue("cee3ce64-6245-4360-9ee5-70a2aaba296d", element="identifier", qualifier="none", language="en"),E.dcvalue("India After Gandhi", element="title", qualifier="none", language="en"),E.dcvalue("General Fiction", element="subject", qualifier="none", language="en"),E.dcvalue("calibre (0.8.29) [http://calibre-ebook.com]", element="contributor", qualifier="none", language="en"),E.dcvalue("Guha, Ramachandra", element="contributor", qualifier="author", language="en")
whole xml structure:
E.dublin_core(E.dcvalue("2011-02-09T16:00:00+00:00", element="date", qualifier="none", language="en"),E.dcvalue("Pan Books", element="publisher", qualifier="none", language="en"),E.dcvalue("en", element="language", qualifier="none", language="en"),E.dcvalue("cee3ce64-6245-4360-9ee5-70a2aaba296d", element="identifier", qualifier="none", language="en"),E.dcvalue("India After Gandhi", element="title", qualifier="none", language="en"),E.dcvalue("General Fiction", element="subject", qualifier="none", language="en"),E.dcvalue("calibre (0.8.29) [http://calibre-ebook.com]", element="contributor", qualifier="none", language="en"),E.dcvalue("Guha, Ramachandra", element="contributor", qualifier="author", language="en"),schema="dc")
<?xml version='1.0' encoding='UTF-8'?>
<dublin_core schema="dc">
  <dcvalue qualifier="none" element="date" language="en">2011-02-09T16:00:00+00:00</dcvalue>
  <dcvalue qualifier="none" element="publisher" language="en">Pan Books</dcvalue>
  <dcvalue qualifier="none" element="language" language="en">en</dcvalue>
  <dcvalue qualifier="none" element="identifier" language="en">cee3ce64-6245-4360-9ee5-70a2aaba296d</dcvalue>
  <dcvalue qualifier="none" element="title" language="en">India After Gandhi</dcvalue>
  <dcvalue qualifier="none" element="subject" language="en">General Fiction</dcvalue>
  <dcvalue qualifier="none" element="contributor" language="en">calibre (0.8.29) [http://calibre-ebook.com]</dcvalue>
  <dcvalue qualifier="author" element="contributor" language="en">Guha, Ramachandra</dcvalue>
</dublin_core>

<?xml version='1.0' encoding='UTF-8'?>
<dublin_core schema="dc">
  <dcvalue qualifier="none" element="date" language="en">2011-02-09T16:00:00+00:00</dcvalue>
  <dcvalue qualifier="none" element="publisher" language="en">Pan Books</dcvalue>
  <dcvalue qualifier="none" element="language" language="en">en</dcvalue>
  <dcvalue qualifier="none" element="identifier" language="en">cee3ce64-6245-4360-9ee5-70a2aaba296d</dcvalue>
  <dcvalue qualifier="none" element="title" language="en">India After Gandhi</dcvalue>
  <dcvalue qualifier="none" element="subject" language="en">General Fiction</dcvalue>
  <dcvalue qualifier="none" element="contributor" language="en">calibre (0.8.29) [http://calibre-ebook.com]</dcvalue>
  <dcvalue qualifier="author" element="contributor" language="en">Guha, Ramachandra</dcvalue>
</dublin_core>

